[2025-11-05 14:11:52] INFO: Starting backup of test_folder to ./backups/backup-2025-11-05-1411.tar.gz
[2025-11-05 14:11:52] INFO: Generating checksum...
[2025-11-05 14:11:52] INFO: Verifying checksum...
[2025-11-05 14:11:52] INFO: Testing archive integrity...
[2025-11-05 14:11:52] SUCCESS: Backup verification passed for ./backups/backup-2025-11-05-1411.tar.gz
[2025-11-05 14:11:52] SUCCESS: Backup created successfully: ./backups/backup-2025-11-05-1411.tar.gz
[2025-11-05 14:11:53] INFO: Cleaning up old backups...
[2025-11-05 14:12:25] DRYRUN: Would create backup: ./backups/backup-2025-11-05-1412.tar.gz
[2025-11-05 14:12:35] INFO: Listing available backups:
[2025-11-05 14:12:35] INFO: No backups found.
[2025-11-05 14:14:02] INFO: Starting backup of test_folder to ./backups/backup-2025-11-05-1414.tar.gz
[2025-11-05 14:14:02] INFO: Generating checksum...
[2025-11-05 14:14:02] INFO: Verifying checksum...
[2025-11-05 14:14:02] INFO: Testing archive integrity...
[2025-11-05 14:14:02] SUCCESS: Backup verification passed for ./backups/backup-2025-11-05-1414.tar.gz
[2025-11-05 14:14:02] SUCCESS: Backup created successfully: ./backups/backup-2025-11-05-1414.tar.gz
[2025-11-05 14:14:02] INFO: Cleaning up old backups...
[2025-11-05 14:14:37] INFO: Listing available backups:
[2025-11-05 14:14:37] INFO: No backups found.
[2025-11-05 14:18:05] INFO: Starting backup of test_folder to ./backups/backup-2025-11-05-1418.tar.gz
[2025-11-05 14:18:05] INFO: Generating checksum...
[2025-11-05 14:18:05] INFO: Verifying checksum...
[2025-11-05 14:18:05] INFO: Testing archive integrity...
[2025-11-05 14:18:06] SUCCESS: Backup verification passed for ./backups/backup-2025-11-05-1418.tar.gz
[2025-11-05 14:18:06] SUCCESS: Backup created successfully: ./backups/backup-2025-11-05-1418.tar.gz
[2025-11-05 14:18:06] INFO: Cleaning up old backups...
[2025-11-05 14:20:29] INFO: Starting backup of test_folder to ./backups/backup-2025-11-05-1420.tar.gz
[2025-11-05 14:20:29] INFO: Generating checksum...
[2025-11-05 14:20:29] INFO: Verifying checksum...
[2025-11-05 14:20:29] INFO: Testing archive integrity...
[2025-11-05 14:20:29] SUCCESS: Backup verification passed for ./backups/backup-2025-11-05-1420.tar.gz
[2025-11-05 14:20:29] SUCCESS: Backup created successfully: ./backups/backup-2025-11-05-1420.tar.gz
[2025-11-05 14:23:44] INFO: Starting backup of test_folder to ./backups/backup-2025-11-05-1423.tar.gz
[2025-11-05 14:23:44] INFO: Generating checksum...
[2025-11-05 14:23:44] INFO: Verifying checksum...
[2025-11-05 14:23:44] INFO: Testing archive integrity...
[2025-11-05 14:23:44] SUCCESS: Backup verification passed for ./backups/backup-2025-11-05-1423.tar.gz
[2025-11-05 14:23:44] SUCCESS: Backup created successfully: ./backups/backup-2025-11-05-1423.tar.gz
[2025-11-05 14:31:43] INFO: Starting backup of test_folder to ./backups/backup-2025-11-05-1431.tar.gz
[2025-11-05 14:31:44] INFO: Generating checksum...
[2025-11-05 14:31:44] INFO: Verifying checksum...
[2025-11-05 14:31:44] INFO: Testing archive integrity...
[2025-11-05 14:31:44] SUCCESS: Backup verification passed for ./backups/backup-2025-11-05-1431.tar.gz
[2025-11-05 14:31:44] SUCCESS: Backup created successfully: ./backups/backup-2025-11-05-1431.tar.gz
[2025-11-05 14:59:49] INFO: Restoring backup-2025-11-05-1420.tar.gz to restore_folder
[2025-11-05 14:59:49] SUCCESS: Restored backup-2025-11-05-1420.tar.gz to restore_folder
[2025-11-05 17:27:13] INFO: Starting backup of test_folder to ./backups/backup-2025-11-05-1727.tar.gz
[2025-11-05 17:27:13] INFO: Generating checksum...
[2025-11-05 17:27:13] INFO: Verifying checksum...
[2025-11-05 17:27:13] INFO: Testing archive integrity...
[2025-11-05 17:27:13] SUCCESS: Backup verification passed for ./backups/backup-2025-11-05-1727.tar.gz
[2025-11-05 17:27:13] SUCCESS: Backup created successfully: ./backups/backup-2025-11-05-1727.tar.gz
